[0.011s] Invoking command in '/home/the0lem/ws_moveit/src/arm_description/build/arm_description': CMAKE_PREFIX_PATH=${CMAKE_PREFIX_PATH}:/home/the0lem/ws_moveit/install/moveit_configs_utils:/home/the0lem/ws_moveit/install/launch_param_builder:/home/the0lem/ros2_ws/install/moveit_configs_utils:/opt/ros/humble /usr/bin/cmake --build /home/the0lem/ws_moveit/src/arm_description/build/arm_description -- -j20 -l20
[0.055s] Invoked command in '/home/the0lem/ws_moveit/src/arm_description/build/arm_description' returned '0': CMAKE_PREFIX_PATH=${CMAKE_PREFIX_PATH}:/home/the0lem/ws_moveit/install/moveit_configs_utils:/home/the0lem/ws_moveit/install/launch_param_builder:/home/the0lem/ros2_ws/install/moveit_configs_utils:/opt/ros/humble /usr/bin/cmake --build /home/the0lem/ws_moveit/src/arm_description/build/arm_description -- -j20 -l20
[0.068s] Invoking command in '/home/the0lem/ws_moveit/src/arm_description/build/arm_description': CMAKE_PREFIX_PATH=${CMAKE_PREFIX_PATH}:/home/the0lem/ws_moveit/install/moveit_configs_utils:/home/the0lem/ws_moveit/install/launch_param_builder:/home/the0lem/ros2_ws/install/moveit_configs_utils:/opt/ros/humble /usr/bin/cmake --install /home/the0lem/ws_moveit/src/arm_description/build/arm_description
[0.079s] -- Install configuration: ""
[0.079s] -- Up-to-date: /home/the0lem/ws_moveit/src/arm_description/install/arm_description/share/arm_description/urdf
[0.079s] -- Up-to-date: /home/the0lem/ws_moveit/src/arm_description/install/arm_description/share/arm_description/urdf/Arm.xacro
[0.079s] -- Up-to-date: /home/the0lem/ws_moveit/src/arm_description/install/arm_description/share/arm_description/meshes
[0.079s] -- Up-to-date: /home/the0lem/ws_moveit/src/arm_description/install/arm_description/share/arm_description/meshes/Component43_1_1.stl
[0.079s] -- Up-to-date: /home/the0lem/ws_moveit/src/arm_description/install/arm_description/share/arm_description/meshes/4390N154_Flanged_Ultra-Thin_Ball_Bearing__1__1_1.stl
[0.079s] -- Up-to-date: /home/the0lem/ws_moveit/src/arm_description/install/arm_description/share/arm_description/meshes/4390N154_Flanged_Ultra-Thin_Ball_Bearing_1_1_1.stl
[0.079s] -- Up-to-date: /home/the0lem/ws_moveit/src/arm_description/install/arm_description/share/arm_description/meshes/Linear_Actuator_v3_1_1_1.stl
[0.079s] -- Up-to-date: /home/the0lem/ws_moveit/src/arm_description/install/arm_description/share/arm_description/meshes/Shaft_Coupler_1_1.stl
[0.080s] -- Up-to-date: /home/the0lem/ws_moveit/src/arm_description/install/arm_description/share/arm_description/meshes/Component3_1_1.stl
[0.080s] -- Up-to-date: /home/the0lem/ws_moveit/src/arm_description/install/arm_description/share/arm_description/meshes/Component16_1_1.stl
[0.080s] -- Up-to-date: /home/the0lem/ws_moveit/src/arm_description/install/arm_description/share/arm_description/meshes/Component2_1_1.stl
[0.080s] -- Up-to-date: /home/the0lem/ws_moveit/src/arm_description/install/arm_description/share/arm_description/meshes/upperlink-updated_v4_1_1_1.stl
[0.080s] -- Up-to-date: /home/the0lem/ws_moveit/src/arm_description/install/arm_description/share/arm_description/meshes/Shaft_Coupler_1_1_1.stl
[0.080s] -- Up-to-date: /home/the0lem/ws_moveit/src/arm_description/install/arm_description/share/arm_description/meshes/4390N154_Flanged_Ultra-Thin_Ball_Bearing__1__1_1_1.stl
[0.080s] -- Up-to-date: /home/the0lem/ws_moveit/src/arm_description/install/arm_description/share/arm_description/meshes/7806K757_Thrust_Ball_Bearing_1_1_1.stl
[0.080s] -- Up-to-date: /home/the0lem/ws_moveit/src/arm_description/install/arm_description/share/arm_description/meshes/Iteration_1_v5_1_1.stl
[0.080s] -- Up-to-date: /home/the0lem/ws_moveit/src/arm_description/install/arm_description/share/arm_description/meshes/Component5_1_1.stl
[0.080s] -- Up-to-date: /home/the0lem/ws_moveit/src/arm_description/install/arm_description/share/arm_description/meshes/Component5_1_1_1.stl
[0.080s] -- Up-to-date: /home/the0lem/ws_moveit/src/arm_description/install/arm_description/share/arm_description/meshes/Linear_Actuator_v3__1__1_1_1.stl
[0.080s] -- Up-to-date: /home/the0lem/ws_moveit/src/arm_description/install/arm_description/share/arm_description/meshes/Movable_Claw_1_1_1.stl
[0.080s] -- Up-to-date: /home/the0lem/ws_moveit/src/arm_description/install/arm_description/share/arm_description/meshes/upperlink-updated_v4_1_1.stl
[0.080s] -- Up-to-date: /home/the0lem/ws_moveit/src/arm_description/install/arm_description/share/arm_description/meshes/Component43_2_1_1.stl
[0.080s] -- Up-to-date: /home/the0lem/ws_moveit/src/arm_description/install/arm_description/share/arm_description/meshes/SAR_base_v5_1_1_1.stl
[0.080s] -- Up-to-date: /home/the0lem/ws_moveit/src/arm_description/install/arm_description/share/arm_description/meshes/97783A180_Fast-Travel_Ultra-Precision_Lead_Screw_1_1.stl
[0.080s] -- Up-to-date: /home/the0lem/ws_moveit/src/arm_description/install/arm_description/share/arm_description/meshes/Iteration_1_v5_1_1_1.stl
[0.080s] -- Up-to-date: /home/the0lem/ws_moveit/src/arm_description/install/arm_description/share/arm_description/meshes/4390N154_Flanged_Ultra-Thin_Ball_Bearing_1_1.stl
[0.080s] -- Up-to-date: /home/the0lem/ws_moveit/src/arm_description/install/arm_description/share/arm_description/meshes/Component4_1_1.stl
[0.080s] -- Up-to-date: /home/the0lem/ws_moveit/src/arm_description/install/arm_description/share/arm_description/meshes/Component3_1_1_1.stl
[0.080s] -- Up-to-date: /home/the0lem/ws_moveit/src/arm_description/install/arm_description/share/arm_description/meshes/Component16_1_1_1.stl
[0.080s] -- Up-to-date: /home/the0lem/ws_moveit/src/arm_description/install/arm_description/share/arm_description/meshes/Lead_Screw_Mount_1_1_1.stl
[0.080s] -- Up-to-date: /home/the0lem/ws_moveit/src/arm_description/install/arm_description/share/arm_description/meshes/Component18_1_1_1.stl
[0.080s] -- Up-to-date: /home/the0lem/ws_moveit/src/arm_description/install/arm_description/share/arm_description/meshes/4390N154_Flanged_Ultra-Thin_Ball_Bearing_2_1_1.stl
[0.080s] -- Up-to-date: /home/the0lem/ws_moveit/src/arm_description/install/arm_description/share/arm_description/meshes/base_link.stl
[0.080s] -- Up-to-date: /home/the0lem/ws_moveit/src/arm_description/install/arm_description/share/arm_description/meshes/Linear_Actuator_v3_1_1.stl
[0.081s] -- Up-to-date: /home/the0lem/ws_moveit/src/arm_description/install/arm_description/share/arm_description/meshes/lower_link_v39_1_1.stl
[0.081s] -- Up-to-date: /home/the0lem/ws_moveit/src/arm_description/install/arm_description/share/arm_description/meshes/Movable_Claw_1_1.stl
[0.081s] -- Up-to-date: /home/the0lem/ws_moveit/src/arm_description/install/arm_description/share/arm_description/meshes/Linear_Actuator_v3__1__1_1.stl
[0.081s] -- Up-to-date: /home/the0lem/ws_moveit/src/arm_description/install/arm_description/share/arm_description/meshes/Component43_2_1.stl
[0.081s] -- Up-to-date: /home/the0lem/ws_moveit/src/arm_description/install/arm_description/share/arm_description/meshes/7806K757_Thrust_Ball_Bearing_1_1.stl
[0.081s] -- Up-to-date: /home/the0lem/ws_moveit/src/arm_description/install/arm_description/share/arm_description/meshes/4390N154_Flanged_Ultra-Thin_Ball_Bearing_2_1.stl
[0.081s] -- Up-to-date: /home/the0lem/ws_moveit/src/arm_description/install/arm_description/share/arm_description/meshes/Component18_1_1.stl
[0.081s] -- Up-to-date: /home/the0lem/ws_moveit/src/arm_description/install/arm_description/share/arm_description/meshes/Lead_Screw_Mount_1_1.stl
[0.081s] -- Up-to-date: /home/the0lem/ws_moveit/src/arm_description/install/arm_description/share/arm_description/meshes/KFL08_-_Mancal_Flange_oval_Э8_v1_1_1.stl
[0.081s] -- Up-to-date: /home/the0lem/ws_moveit/src/arm_description/install/arm_description/share/arm_description/meshes/97783A180_Fast-Travel_Ultra-Precision_Lead_Screw_1_1_1.stl
[0.081s] -- Up-to-date: /home/the0lem/ws_moveit/src/arm_description/install/arm_description/share/arm_description/meshes/SAR_base_v5_1_1.stl
[0.081s] -- Up-to-date: /home/the0lem/ws_moveit/src/arm_description/install/arm_description/share/arm_description/meshes/Component43_1_1_1.stl
[0.081s] -- Up-to-date: /home/the0lem/ws_moveit/src/arm_description/install/arm_description/share/arm_description/meshes/lower_link_v39_1_1_1.stl
[0.081s] -- Up-to-date: /home/the0lem/ws_moveit/src/arm_description/install/arm_description/share/arm_description/meshes/Component4_1_1_1.stl
[0.081s] -- Up-to-date: /home/the0lem/ws_moveit/src/arm_description/install/arm_description/share/arm_description/meshes/KFL08_-_Mancal_Flange_oval_Э8_v1_1_1_1.stl
[0.081s] -- Up-to-date: /home/the0lem/ws_moveit/src/arm_description/install/arm_description/share/arm_description/meshes/Component2_1_1_1.stl
[0.081s] -- Up-to-date: /home/the0lem/ws_moveit/src/arm_description/install/arm_description/share/arm_description/launch
[0.081s] -- Up-to-date: /home/the0lem/ws_moveit/src/arm_description/install/arm_description/share/arm_description/launch/controller.launch
[0.081s] -- Up-to-date: /home/the0lem/ws_moveit/src/arm_description/install/arm_description/share/arm_description/launch/display.launch
[0.081s] -- Up-to-date: /home/the0lem/ws_moveit/src/arm_description/install/arm_description/share/arm_description/launch/controller.yaml
[0.081s] -- Up-to-date: /home/the0lem/ws_moveit/src/arm_description/install/arm_description/share/arm_description/launch/urdf.rviz
[0.081s] -- Up-to-date: /home/the0lem/ws_moveit/src/arm_description/install/arm_description/share/arm_description/launch/gazebo.launch
[0.081s] -- Up-to-date: /home/the0lem/ws_moveit/src/arm_description/install/arm_description/share/ament_index/resource_index/package_run_dependencies/arm_description
[0.081s] -- Up-to-date: /home/the0lem/ws_moveit/src/arm_description/install/arm_description/share/ament_index/resource_index/parent_prefix_path/arm_description
[0.082s] -- Up-to-date: /home/the0lem/ws_moveit/src/arm_description/install/arm_description/share/arm_description/environment/ament_prefix_path.sh
[0.082s] -- Up-to-date: /home/the0lem/ws_moveit/src/arm_description/install/arm_description/share/arm_description/environment/ament_prefix_path.dsv
[0.082s] -- Up-to-date: /home/the0lem/ws_moveit/src/arm_description/install/arm_description/share/arm_description/environment/path.sh
[0.082s] -- Up-to-date: /home/the0lem/ws_moveit/src/arm_description/install/arm_description/share/arm_description/environment/path.dsv
[0.082s] -- Up-to-date: /home/the0lem/ws_moveit/src/arm_description/install/arm_description/share/arm_description/local_setup.bash
[0.082s] -- Up-to-date: /home/the0lem/ws_moveit/src/arm_description/install/arm_description/share/arm_description/local_setup.sh
[0.082s] -- Up-to-date: /home/the0lem/ws_moveit/src/arm_description/install/arm_description/share/arm_description/local_setup.zsh
[0.082s] -- Up-to-date: /home/the0lem/ws_moveit/src/arm_description/install/arm_description/share/arm_description/local_setup.dsv
[0.082s] -- Installing: /home/the0lem/ws_moveit/src/arm_description/install/arm_description/share/arm_description/package.dsv
[0.082s] -- Up-to-date: /home/the0lem/ws_moveit/src/arm_description/install/arm_description/share/ament_index/resource_index/packages/arm_description
[0.082s] -- Up-to-date: /home/the0lem/ws_moveit/src/arm_description/install/arm_description/share/arm_description/cmake/arm_descriptionConfig.cmake
[0.082s] -- Up-to-date: /home/the0lem/ws_moveit/src/arm_description/install/arm_description/share/arm_description/cmake/arm_descriptionConfig-version.cmake
[0.082s] -- Up-to-date: /home/the0lem/ws_moveit/src/arm_description/install/arm_description/share/arm_description/package.xml
[0.083s] Invoked command in '/home/the0lem/ws_moveit/src/arm_description/build/arm_description' returned '0': CMAKE_PREFIX_PATH=${CMAKE_PREFIX_PATH}:/home/the0lem/ws_moveit/install/moveit_configs_utils:/home/the0lem/ws_moveit/install/launch_param_builder:/home/the0lem/ros2_ws/install/moveit_configs_utils:/opt/ros/humble /usr/bin/cmake --install /home/the0lem/ws_moveit/src/arm_description/build/arm_description
