[0.011s] Invoking command in '/home/the0lem/ws_moveit/src/arm_description/build/arm_description': CMAKE_PREFIX_PATH=${CMAKE_PREFIX_PATH}:/home/the0lem/ws_moveit/install/moveit_configs_utils:/home/the0lem/ws_moveit/install/launch_param_builder:/home/the0lem/ros2_ws/install/moveit_configs_utils:/opt/ros/humble /usr/bin/cmake /home/the0lem/ws_moveit/src/arm_description -DCMAKE_INSTALL_PREFIX=/home/the0lem/ws_moveit/src/arm_description/install/arm_description
[0.075s] -- The C compiler identification is GNU 11.4.0
[0.136s] -- The CXX compiler identification is GNU 11.4.0
[0.142s] -- Detecting C compiler ABI info
[0.233s] -- Detecting C compiler ABI info - done
[0.241s] -- Check for working C compiler: /usr/bin/cc - skipped
[0.241s] -- Detecting C compile features
[0.242s] -- Detecting C compile features - done
[0.245s] -- Detecting CXX compiler ABI info
[0.345s] -- Detecting CXX compiler ABI info - done
[0.350s] -- Check for working CXX compiler: /usr/bin/c++ - skipped
[0.350s] -- Detecting CXX compile features
[0.351s] -- Detecting CXX compile features - done
[0.355s] -- Found ament_cmake: 1.3.11 (/opt/ros/humble/share/ament_cmake/cmake)
[0.502s] -- Found Python3: /usr/bin/python3 (found version "3.10.12") found components: Interpreter 
[0.601s] -- Found ament_lint_auto: 0.12.11 (/opt/ros/humble/share/ament_lint_auto/cmake)
[0.686s] -- Added test 'cppcheck' to perform static code analysis on C / C++ code
[0.686s] -- Configured cppcheck include dirs: 
[0.686s] -- Configured cppcheck exclude dirs and/or files: 
[0.687s] -- Added test 'lint_cmake' to check CMake code style
[0.690s] -- Added test 'uncrustify' to check C / C++ code style
[0.690s] -- Configured uncrustify additional arguments: 
[0.691s] -- Added test 'xmllint' to check XML markup files
[0.693s] -- Configuring done
[0.694s] -- Generating done
[0.695s] -- Build files have been written to: /home/the0lem/ws_moveit/src/arm_description/build/arm_description
[0.698s] Invoked command in '/home/the0lem/ws_moveit/src/arm_description/build/arm_description' returned '0': CMAKE_PREFIX_PATH=${CMAKE_PREFIX_PATH}:/home/the0lem/ws_moveit/install/moveit_configs_utils:/home/the0lem/ws_moveit/install/launch_param_builder:/home/the0lem/ros2_ws/install/moveit_configs_utils:/opt/ros/humble /usr/bin/cmake /home/the0lem/ws_moveit/src/arm_description -DCMAKE_INSTALL_PREFIX=/home/the0lem/ws_moveit/src/arm_description/install/arm_description
[0.699s] Invoking command in '/home/the0lem/ws_moveit/src/arm_description/build/arm_description': CMAKE_PREFIX_PATH=${CMAKE_PREFIX_PATH}:/home/the0lem/ws_moveit/install/moveit_configs_utils:/home/the0lem/ws_moveit/install/launch_param_builder:/home/the0lem/ros2_ws/install/moveit_configs_utils:/opt/ros/humble /usr/bin/cmake --build /home/the0lem/ws_moveit/src/arm_description/build/arm_description -- -j20 -l20
[0.744s] Invoked command in '/home/the0lem/ws_moveit/src/arm_description/build/arm_description' returned '0': CMAKE_PREFIX_PATH=${CMAKE_PREFIX_PATH}:/home/the0lem/ws_moveit/install/moveit_configs_utils:/home/the0lem/ws_moveit/install/launch_param_builder:/home/the0lem/ros2_ws/install/moveit_configs_utils:/opt/ros/humble /usr/bin/cmake --build /home/the0lem/ws_moveit/src/arm_description/build/arm_description -- -j20 -l20
[0.754s] Invoking command in '/home/the0lem/ws_moveit/src/arm_description/build/arm_description': CMAKE_PREFIX_PATH=${CMAKE_PREFIX_PATH}:/home/the0lem/ws_moveit/install/moveit_configs_utils:/home/the0lem/ws_moveit/install/launch_param_builder:/home/the0lem/ros2_ws/install/moveit_configs_utils:/opt/ros/humble /usr/bin/cmake --install /home/the0lem/ws_moveit/src/arm_description/build/arm_description
[0.767s] -- Install configuration: ""
[0.767s] -- Installing: /home/the0lem/ws_moveit/src/arm_description/install/arm_description/share/arm_description/urdf
[0.767s] -- Installing: /home/the0lem/ws_moveit/src/arm_description/install/arm_description/share/arm_description/urdf/Arm.xacro
[0.767s] [31mCMake Error at cmake_install.cmake:50 (file):
[0.767s]   file INSTALL cannot find
[0.767s]   "/home/the0lem/ws_moveit/src/arm_description/meshes": No such file or
[0.767s]   directory.
[0.767s] 
[0.767s] [0m
[0.768s] Invoked command in '/home/the0lem/ws_moveit/src/arm_description/build/arm_description' returned '1': CMAKE_PREFIX_PATH=${CMAKE_PREFIX_PATH}:/home/the0lem/ws_moveit/install/moveit_configs_utils:/home/the0lem/ws_moveit/install/launch_param_builder:/home/the0lem/ros2_ws/install/moveit_configs_utils:/opt/ros/humble /usr/bin/cmake --install /home/the0lem/ws_moveit/src/arm_description/build/arm_description
