-- Install configuration: ""
-- Up-to-date: /home/the0lem/ws_moveit/src/arm_description/install/arm_description/share/arm_description/urdf
-- Up-to-date: /home/the0lem/ws_moveit/src/arm_description/install/arm_description/share/arm_description/urdf/Arm.xacro
-- Installing: /home/the0lem/ws_moveit/src/arm_description/install/arm_description/share/arm_description/meshes
-- Installing: /home/the0lem/ws_moveit/src/arm_description/install/arm_description/share/arm_description/meshes/Component43_1_1.stl
-- Installing: /home/the0lem/ws_moveit/src/arm_description/install/arm_description/share/arm_description/meshes/4390N154_Flanged_Ultra-Thin_Ball_Bearing__1__1_1.stl
-- Installing: /home/the0lem/ws_moveit/src/arm_description/install/arm_description/share/arm_description/meshes/4390N154_Flanged_Ultra-Thin_Ball_Bearing_1_1_1.stl
-- Installing: /home/the0lem/ws_moveit/src/arm_description/install/arm_description/share/arm_description/meshes/Linear_Actuator_v3_1_1_1.stl
-- Installing: /home/the0lem/ws_moveit/src/arm_description/install/arm_description/share/arm_description/meshes/Shaft_Coupler_1_1.stl
-- Installing: /home/the0lem/ws_moveit/src/arm_description/install/arm_description/share/arm_description/meshes/Component3_1_1.stl
-- Installing: /home/the0lem/ws_moveit/src/arm_description/install/arm_description/share/arm_description/meshes/Component16_1_1.stl
-- Installing: /home/the0lem/ws_moveit/src/arm_description/install/arm_description/share/arm_description/meshes/Component2_1_1.stl
-- Installing: /home/the0lem/ws_moveit/src/arm_description/install/arm_description/share/arm_description/meshes/upperlink-updated_v4_1_1_1.stl
-- Installing: /home/the0lem/ws_moveit/src/arm_description/install/arm_description/share/arm_description/meshes/Shaft_Coupler_1_1_1.stl
-- Installing: /home/the0lem/ws_moveit/src/arm_description/install/arm_description/share/arm_description/meshes/4390N154_Flanged_Ultra-Thin_Ball_Bearing__1__1_1_1.stl
-- Installing: /home/the0lem/ws_moveit/src/arm_description/install/arm_description/share/arm_description/meshes/7806K757_Thrust_Ball_Bearing_1_1_1.stl
-- Installing: /home/the0lem/ws_moveit/src/arm_description/install/arm_description/share/arm_description/meshes/Iteration_1_v5_1_1.stl
-- Installing: /home/the0lem/ws_moveit/src/arm_description/install/arm_description/share/arm_description/meshes/Component5_1_1.stl
-- Installing: /home/the0lem/ws_moveit/src/arm_description/install/arm_description/share/arm_description/meshes/Component5_1_1_1.stl
-- Installing: /home/the0lem/ws_moveit/src/arm_description/install/arm_description/share/arm_description/meshes/Linear_Actuator_v3__1__1_1_1.stl
-- Installing: /home/the0lem/ws_moveit/src/arm_description/install/arm_description/share/arm_description/meshes/Movable_Claw_1_1_1.stl
-- Installing: /home/the0lem/ws_moveit/src/arm_description/install/arm_description/share/arm_description/meshes/upperlink-updated_v4_1_1.stl
-- Installing: /home/the0lem/ws_moveit/src/arm_description/install/arm_description/share/arm_description/meshes/Component43_2_1_1.stl
-- Installing: /home/the0lem/ws_moveit/src/arm_description/install/arm_description/share/arm_description/meshes/SAR_base_v5_1_1_1.stl
-- Installing: /home/the0lem/ws_moveit/src/arm_description/install/arm_description/share/arm_description/meshes/97783A180_Fast-Travel_Ultra-Precision_Lead_Screw_1_1.stl
-- Installing: /home/the0lem/ws_moveit/src/arm_description/install/arm_description/share/arm_description/meshes/Iteration_1_v5_1_1_1.stl
-- Installing: /home/the0lem/ws_moveit/src/arm_description/install/arm_description/share/arm_description/meshes/4390N154_Flanged_Ultra-Thin_Ball_Bearing_1_1.stl
-- Installing: /home/the0lem/ws_moveit/src/arm_description/install/arm_description/share/arm_description/meshes/Component4_1_1.stl
-- Installing: /home/the0lem/ws_moveit/src/arm_description/install/arm_description/share/arm_description/meshes/Component3_1_1_1.stl
-- Installing: /home/the0lem/ws_moveit/src/arm_description/install/arm_description/share/arm_description/meshes/Component16_1_1_1.stl
-- Installing: /home/the0lem/ws_moveit/src/arm_description/install/arm_description/share/arm_description/meshes/Lead_Screw_Mount_1_1_1.stl
-- Installing: /home/the0lem/ws_moveit/src/arm_description/install/arm_description/share/arm_description/meshes/Component18_1_1_1.stl
-- Installing: /home/the0lem/ws_moveit/src/arm_description/install/arm_description/share/arm_description/meshes/4390N154_Flanged_Ultra-Thin_Ball_Bearing_2_1_1.stl
-- Installing: /home/the0lem/ws_moveit/src/arm_description/install/arm_description/share/arm_description/meshes/base_link.stl
-- Installing: /home/the0lem/ws_moveit/src/arm_description/install/arm_description/share/arm_description/meshes/Linear_Actuator_v3_1_1.stl
-- Installing: /home/the0lem/ws_moveit/src/arm_description/install/arm_description/share/arm_description/meshes/lower_link_v39_1_1.stl
-- Installing: /home/the0lem/ws_moveit/src/arm_description/install/arm_description/share/arm_description/meshes/Movable_Claw_1_1.stl
-- Installing: /home/the0lem/ws_moveit/src/arm_description/install/arm_description/share/arm_description/meshes/Linear_Actuator_v3__1__1_1.stl
-- Installing: /home/the0lem/ws_moveit/src/arm_description/install/arm_description/share/arm_description/meshes/Component43_2_1.stl
-- Installing: /home/the0lem/ws_moveit/src/arm_description/install/arm_description/share/arm_description/meshes/7806K757_Thrust_Ball_Bearing_1_1.stl
-- Installing: /home/the0lem/ws_moveit/src/arm_description/install/arm_description/share/arm_description/meshes/4390N154_Flanged_Ultra-Thin_Ball_Bearing_2_1.stl
-- Installing: /home/the0lem/ws_moveit/src/arm_description/install/arm_description/share/arm_description/meshes/Component18_1_1.stl
-- Installing: /home/the0lem/ws_moveit/src/arm_description/install/arm_description/share/arm_description/meshes/Lead_Screw_Mount_1_1.stl
-- Installing: /home/the0lem/ws_moveit/src/arm_description/install/arm_description/share/arm_description/meshes/KFL08_-_Mancal_Flange_oval_Э8_v1_1_1.stl
-- Installing: /home/the0lem/ws_moveit/src/arm_description/install/arm_description/share/arm_description/meshes/97783A180_Fast-Travel_Ultra-Precision_Lead_Screw_1_1_1.stl
-- Installing: /home/the0lem/ws_moveit/src/arm_description/install/arm_description/share/arm_description/meshes/SAR_base_v5_1_1.stl
-- Installing: /home/the0lem/ws_moveit/src/arm_description/install/arm_description/share/arm_description/meshes/Component43_1_1_1.stl
-- Installing: /home/the0lem/ws_moveit/src/arm_description/install/arm_description/share/arm_description/meshes/lower_link_v39_1_1_1.stl
-- Installing: /home/the0lem/ws_moveit/src/arm_description/install/arm_description/share/arm_description/meshes/Component4_1_1_1.stl
-- Installing: /home/the0lem/ws_moveit/src/arm_description/install/arm_description/share/arm_description/meshes/KFL08_-_Mancal_Flange_oval_Э8_v1_1_1_1.stl
-- Installing: /home/the0lem/ws_moveit/src/arm_description/install/arm_description/share/arm_description/meshes/Component2_1_1_1.stl
[31mCMake Error at cmake_install.cmake:54 (file):
  file INSTALL cannot find
  "/home/the0lem/ws_moveit/src/arm_description/launch": No such file or
  directory.

[0m
